c:\users\superhong\source\repos\github\ngp\winprogramingproject-master\winprogramingproject-master\ngp_server\ngp_server\debug\vc142.pdb
c:\users\superhong\source\repos\github\ngp\winprogramingproject-master\winprogramingproject-master\ngp_server\ngp_server\debug\vc142.idb
c:\users\superhong\source\repos\github\ngp\winprogramingproject-master\winprogramingproject-master\ngp_server\ngp_server\debug\utility.obj
c:\users\superhong\source\repos\github\ngp\winprogramingproject-master\winprogramingproject-master\ngp_server\ngp_server\debug\main.obj
c:\users\superhong\source\repos\github\ngp\winprogramingproject-master\winprogramingproject-master\ngp_server\ngp_server\debug\cplayer.obj
c:\users\superhong\source\repos\github\ngp\winprogramingproject-master\winprogramingproject-master\ngp_server\ngp_server\debug\cudpsocket.obj
c:\users\superhong\source\repos\github\ngp\winprogramingproject-master\winprogramingproject-master\ngp_server\ngp_server\debug\ctcpsocket.obj
c:\users\superhong\source\repos\github\ngp\winprogramingproject-master\winprogramingproject-master\ngp_server\ngp_server\debug\ngp_server.pch
c:\users\superhong\source\repos\github\ngp\winprogramingproject-master\winprogramingproject-master\ngp_server\ngp_server\debug\stdafx.obj
c:\users\superhong\source\repos\github\ngp\winprogramingproject-master\winprogramingproject-master\ngp_server\debug\ngp_server.exe
c:\users\superhong\source\repos\github\ngp\winprogramingproject-master\winprogramingproject-master\ngp_server\debug\ngp_server.ilk
c:\users\superhong\source\repos\github\ngp\winprogramingproject-master\winprogramingproject-master\ngp_server\debug\ngp_server.pdb
c:\users\superhong\source\repos\github\ngp\winprogramingproject-master\winprogramingproject-master\ngp_server\ngp_server\debug\ctcpsocket.obj.enc
c:\users\superhong\source\repos\github\ngp\winprogramingproject-master\winprogramingproject-master\ngp_server\ngp_server\debug\main.obj.enc
c:\users\superhong\source\repos\github\ngp\winprogramingproject-master\winprogramingproject-master\ngp_server\ngp_server\debug\ngp_server.tlog\cl.command.1.tlog
c:\users\superhong\source\repos\github\ngp\winprogramingproject-master\winprogramingproject-master\ngp_server\ngp_server\debug\ngp_server.tlog\cl.read.1.tlog
c:\users\superhong\source\repos\github\ngp\winprogramingproject-master\winprogramingproject-master\ngp_server\ngp_server\debug\ngp_server.tlog\cl.write.1.tlog
c:\users\superhong\source\repos\github\ngp\winprogramingproject-master\winprogramingproject-master\ngp_server\ngp_server\debug\ngp_server.tlog\link.command.1.tlog
c:\users\superhong\source\repos\github\ngp\winprogramingproject-master\winprogramingproject-master\ngp_server\ngp_server\debug\ngp_server.tlog\link.read.1.tlog
c:\users\superhong\source\repos\github\ngp\winprogramingproject-master\winprogramingproject-master\ngp_server\ngp_server\debug\ngp_server.tlog\link.write.1.tlog
