  main.cpp
C:\Users\yajun\Desktop\대학교\3학년2학기\네트워크게임프로그래밍\텀 프로젝트\NGP_Project\WINProgramingProject-master\WINProgramingProject-master\WINProgramingProject-master\Final Project\Final Project\main.cpp(88,7): warning C4101: 'type' :참조되지 않은 지역 변수입니다.
C:\Users\yajun\Desktop\대학교\3학년2학기\네트워크게임프로그래밍\텀 프로젝트\NGP_Project\WINProgramingProject-master\WINProgramingProject-master\WINProgramingProject-master\Final Project\Final Project\main.cpp(89,7): warning C4101: 'playerID' :참조되지 않은 지역 변수입니다.
C:\Users\yajun\Desktop\대학교\3학년2학기\네트워크게임프로그래밍\텀 프로젝트\NGP_Project\WINProgramingProject-master\WINProgramingProject-master\WINProgramingProject-master\Final Project\Final Project\main.cpp(94,6): warning C4101: 'hp' :참조되지 않은 지역 변수입니다.
C:\Users\yajun\Desktop\대학교\3학년2학기\네트워크게임프로그래밍\텀 프로젝트\NGP_Project\WINProgramingProject-master\WINProgramingProject-master\WINProgramingProject-master\Final Project\Final Project\main.cpp(93,7): warning C4101: 'useDash' :참조되지 않은 지역 변수입니다.
C:\Users\yajun\Desktop\대학교\3학년2학기\네트워크게임프로그래밍\텀 프로젝트\NGP_Project\WINProgramingProject-master\WINProgramingProject-master\WINProgramingProject-master\Final Project\Final Project\main.cpp(91,6): warning C4101: 'teleportXpos' :참조되지 않은 지역 변수입니다.
C:\Users\yajun\Desktop\대학교\3학년2학기\네트워크게임프로그래밍\텀 프로젝트\NGP_Project\WINProgramingProject-master\WINProgramingProject-master\WINProgramingProject-master\Final Project\Final Project\main.cpp(92,6): warning C4101: 'teleportYpos' :참조되지 않은 지역 변수입니다.
C:\Users\yajun\Desktop\대학교\3학년2학기\네트워크게임프로그래밍\텀 프로젝트\NGP_Project\WINProgramingProject-master\WINProgramingProject-master\WINProgramingProject-master\Final Project\Final Project\main.cpp(90,7): warning C4101: 'useTeleport' :참조되지 않은 지역 변수입니다.
C:\Users\yajun\Desktop\대학교\3학년2학기\네트워크게임프로그래밍\텀 프로젝트\NGP_Project\WINProgramingProject-master\WINProgramingProject-master\WINProgramingProject-master\Final Project\Final Project\main.cpp(140,39): warning C4244: '=': 'double'에서 'LONG'(으)로 변환하면서 데이터가 손실될 수 있습니다.
C:\Users\yajun\Desktop\대학교\3학년2학기\네트워크게임프로그래밍\텀 프로젝트\NGP_Project\WINProgramingProject-master\WINProgramingProject-master\WINProgramingProject-master\Final Project\Final Project\main.cpp(141,42): warning C4244: '=': 'double'에서 'LONG'(으)로 변환하면서 데이터가 손실될 수 있습니다.
C:\Users\yajun\Desktop\대학교\3학년2학기\네트워크게임프로그래밍\텀 프로젝트\NGP_Project\WINProgramingProject-master\WINProgramingProject-master\WINProgramingProject-master\Final Project\Final Project\main.cpp(142,40): warning C4244: '=': 'double'에서 'LONG'(으)로 변환하면서 데이터가 손실될 수 있습니다.
C:\Users\yajun\Desktop\대학교\3학년2학기\네트워크게임프로그래밍\텀 프로젝트\NGP_Project\WINProgramingProject-master\WINProgramingProject-master\WINProgramingProject-master\Final Project\Final Project\main.cpp(143,41): warning C4244: '=': 'double'에서 'LONG'(으)로 변환하면서 데이터가 손실될 수 있습니다.
C:\Users\yajun\Desktop\대학교\3학년2학기\네트워크게임프로그래밍\텀 프로젝트\NGP_Project\WINProgramingProject-master\WINProgramingProject-master\WINProgramingProject-master\Final Project\Final Project\main.cpp(146,39): warning C4244: '=': 'double'에서 'LONG'(으)로 변환하면서 데이터가 손실될 수 있습니다.
C:\Users\yajun\Desktop\대학교\3학년2학기\네트워크게임프로그래밍\텀 프로젝트\NGP_Project\WINProgramingProject-master\WINProgramingProject-master\WINProgramingProject-master\Final Project\Final Project\main.cpp(147,42): warning C4244: '=': 'double'에서 'LONG'(으)로 변환하면서 데이터가 손실될 수 있습니다.
C:\Users\yajun\Desktop\대학교\3학년2학기\네트워크게임프로그래밍\텀 프로젝트\NGP_Project\WINProgramingProject-master\WINProgramingProject-master\WINProgramingProject-master\Final Project\Final Project\main.cpp(148,40): warning C4244: '=': 'double'에서 'LONG'(으)로 변환하면서 데이터가 손실될 수 있습니다.
C:\Users\yajun\Desktop\대학교\3학년2학기\네트워크게임프로그래밍\텀 프로젝트\NGP_Project\WINProgramingProject-master\WINProgramingProject-master\WINProgramingProject-master\Final Project\Final Project\main.cpp(149,41): warning C4244: '=': 'double'에서 'LONG'(으)로 변환하면서 데이터가 손실될 수 있습니다.
C:\Users\yajun\Desktop\대학교\3학년2학기\네트워크게임프로그래밍\텀 프로젝트\NGP_Project\WINProgramingProject-master\WINProgramingProject-master\WINProgramingProject-master\Final Project\Final Project\main.cpp(252,30): warning C4244: '=': 'double'에서 'int'(으)로 변환하면서 데이터가 손실될 수 있습니다.
C:\Users\yajun\Desktop\대학교\3학년2학기\네트워크게임프로그래밍\텀 프로젝트\NGP_Project\WINProgramingProject-master\WINProgramingProject-master\WINProgramingProject-master\Final Project\Final Project\main.cpp(263,30): warning C4244: '=': 'double'에서 'int'(으)로 변환하면서 데이터가 손실될 수 있습니다.
C:\Users\yajun\Desktop\대학교\3학년2학기\네트워크게임프로그래밍\텀 프로젝트\NGP_Project\WINProgramingProject-master\WINProgramingProject-master\WINProgramingProject-master\Final Project\Final Project\main.cpp(274,30): warning C4244: '=': 'double'에서 'int'(으)로 변환하면서 데이터가 손실될 수 있습니다.
C:\Users\yajun\Desktop\대학교\3학년2학기\네트워크게임프로그래밍\텀 프로젝트\NGP_Project\WINProgramingProject-master\WINProgramingProject-master\WINProgramingProject-master\Final Project\Final Project\main.cpp(310,48): warning C4244: '=': 'double'에서 'int'(으)로 변환하면서 데이터가 손실될 수 있습니다.
C:\Users\yajun\Desktop\대학교\3학년2학기\네트워크게임프로그래밍\텀 프로젝트\NGP_Project\WINProgramingProject-master\WINProgramingProject-master\WINProgramingProject-master\Final Project\Final Project\main.cpp(828,86): warning C4244: '인수': 'double'에서 'int'(으)로 변환하면서 데이터가 손실될 수 있습니다.
C:\Users\yajun\Desktop\대학교\3학년2학기\네트워크게임프로그래밍\텀 프로젝트\NGP_Project\WINProgramingProject-master\WINProgramingProject-master\WINProgramingProject-master\Final Project\Final Project\main.cpp(828,40): warning C4244: '인수': 'double'에서 'int'(으)로 변환하면서 데이터가 손실될 수 있습니다.
C:\Users\yajun\Desktop\대학교\3학년2학기\네트워크게임프로그래밍\텀 프로젝트\NGP_Project\WINProgramingProject-master\WINProgramingProject-master\WINProgramingProject-master\Final Project\Final Project\main.cpp(832,87): warning C4244: '인수': 'double'에서 'int'(으)로 변환하면서 데이터가 손실될 수 있습니다.
C:\Users\yajun\Desktop\대학교\3학년2학기\네트워크게임프로그래밍\텀 프로젝트\NGP_Project\WINProgramingProject-master\WINProgramingProject-master\WINProgramingProject-master\Final Project\Final Project\main.cpp(832,40): warning C4244: '인수': 'double'에서 'int'(으)로 변환하면서 데이터가 손실될 수 있습니다.
C:\Users\yajun\Desktop\대학교\3학년2학기\네트워크게임프로그래밍\텀 프로젝트\NGP_Project\WINProgramingProject-master\WINProgramingProject-master\WINProgramingProject-master\Final Project\Final Project\main.cpp(835,88): warning C4244: '인수': 'double'에서 'int'(으)로 변환하면서 데이터가 손실될 수 있습니다.
C:\Users\yajun\Desktop\대학교\3학년2학기\네트워크게임프로그래밍\텀 프로젝트\NGP_Project\WINProgramingProject-master\WINProgramingProject-master\WINProgramingProject-master\Final Project\Final Project\main.cpp(835,40): warning C4244: '인수': 'double'에서 'int'(으)로 변환하면서 데이터가 손실될 수 있습니다.
C:\Users\yajun\Desktop\대학교\3학년2학기\네트워크게임프로그래밍\텀 프로젝트\NGP_Project\WINProgramingProject-master\WINProgramingProject-master\WINProgramingProject-master\Final Project\Final Project\main.cpp(839,88): warning C4244: '인수': 'double'에서 'int'(으)로 변환하면서 데이터가 손실될 수 있습니다.
C:\Users\yajun\Desktop\대학교\3학년2학기\네트워크게임프로그래밍\텀 프로젝트\NGP_Project\WINProgramingProject-master\WINProgramingProject-master\WINProgramingProject-master\Final Project\Final Project\main.cpp(839,40): warning C4244: '인수': 'double'에서 'int'(으)로 변환하면서 데이터가 손실될 수 있습니다.
C:\Users\yajun\Desktop\대학교\3학년2학기\네트워크게임프로그래밍\텀 프로젝트\NGP_Project\WINProgramingProject-master\WINProgramingProject-master\WINProgramingProject-master\Final Project\Final Project\main.cpp(842,88): warning C4244: '인수': 'double'에서 'int'(으)로 변환하면서 데이터가 손실될 수 있습니다.
C:\Users\yajun\Desktop\대학교\3학년2학기\네트워크게임프로그래밍\텀 프로젝트\NGP_Project\WINProgramingProject-master\WINProgramingProject-master\WINProgramingProject-master\Final Project\Final Project\main.cpp(842,40): warning C4244: '인수': 'double'에서 'int'(으)로 변환하면서 데이터가 손실될 수 있습니다.
C:\Users\yajun\Desktop\대학교\3학년2학기\네트워크게임프로그래밍\텀 프로젝트\NGP_Project\WINProgramingProject-master\WINProgramingProject-master\WINProgramingProject-master\Final Project\Final Project\main.cpp(846,88): warning C4244: '인수': 'double'에서 'int'(으)로 변환하면서 데이터가 손실될 수 있습니다.
C:\Users\yajun\Desktop\대학교\3학년2학기\네트워크게임프로그래밍\텀 프로젝트\NGP_Project\WINProgramingProject-master\WINProgramingProject-master\WINProgramingProject-master\Final Project\Final Project\main.cpp(846,40): warning C4244: '인수': 'double'에서 'int'(으)로 변환하면서 데이터가 손실될 수 있습니다.
C:\Users\yajun\Desktop\대학교\3학년2학기\네트워크게임프로그래밍\텀 프로젝트\NGP_Project\WINProgramingProject-master\WINProgramingProject-master\WINProgramingProject-master\Final Project\Final Project\main.cpp(849,86): warning C4244: '인수': 'double'에서 'int'(으)로 변환하면서 데이터가 손실될 수 있습니다.
C:\Users\yajun\Desktop\대학교\3학년2학기\네트워크게임프로그래밍\텀 프로젝트\NGP_Project\WINProgramingProject-master\WINProgramingProject-master\WINProgramingProject-master\Final Project\Final Project\main.cpp(849,40): warning C4244: '인수': 'double'에서 'int'(으)로 변환하면서 데이터가 손실될 수 있습니다.
C:\Users\yajun\Desktop\대학교\3학년2학기\네트워크게임프로그래밍\텀 프로젝트\NGP_Project\WINProgramingProject-master\WINProgramingProject-master\WINProgramingProject-master\Final Project\Final Project\main.cpp(853,87): warning C4244: '인수': 'double'에서 'int'(으)로 변환하면서 데이터가 손실될 수 있습니다.
C:\Users\yajun\Desktop\대학교\3학년2학기\네트워크게임프로그래밍\텀 프로젝트\NGP_Project\WINProgramingProject-master\WINProgramingProject-master\WINProgramingProject-master\Final Project\Final Project\main.cpp(853,40): warning C4244: '인수': 'double'에서 'int'(으)로 변환하면서 데이터가 손실될 수 있습니다.
C:\Users\yajun\Desktop\대학교\3학년2학기\네트워크게임프로그래밍\텀 프로젝트\NGP_Project\WINProgramingProject-master\WINProgramingProject-master\WINProgramingProject-master\Final Project\Final Project\main.cpp(856,88): warning C4244: '인수': 'double'에서 'int'(으)로 변환하면서 데이터가 손실될 수 있습니다.
C:\Users\yajun\Desktop\대학교\3학년2학기\네트워크게임프로그래밍\텀 프로젝트\NGP_Project\WINProgramingProject-master\WINProgramingProject-master\WINProgramingProject-master\Final Project\Final Project\main.cpp(856,40): warning C4244: '인수': 'double'에서 'int'(으)로 변환하면서 데이터가 손실될 수 있습니다.
C:\Users\yajun\Desktop\대학교\3학년2학기\네트워크게임프로그래밍\텀 프로젝트\NGP_Project\WINProgramingProject-master\WINProgramingProject-master\WINProgramingProject-master\Final Project\Final Project\main.cpp(859,88): warning C4244: '인수': 'double'에서 'int'(으)로 변환하면서 데이터가 손실될 수 있습니다.
C:\Users\yajun\Desktop\대학교\3학년2학기\네트워크게임프로그래밍\텀 프로젝트\NGP_Project\WINProgramingProject-master\WINProgramingProject-master\WINProgramingProject-master\Final Project\Final Project\main.cpp(859,40): warning C4244: '인수': 'double'에서 'int'(으)로 변환하면서 데이터가 손실될 수 있습니다.
C:\Users\yajun\Desktop\대학교\3학년2학기\네트워크게임프로그래밍\텀 프로젝트\NGP_Project\WINProgramingProject-master\WINProgramingProject-master\WINProgramingProject-master\Final Project\Final Project\main.cpp(862,88): warning C4244: '인수': 'double'에서 'int'(으)로 변환하면서 데이터가 손실될 수 있습니다.
C:\Users\yajun\Desktop\대학교\3학년2학기\네트워크게임프로그래밍\텀 프로젝트\NGP_Project\WINProgramingProject-master\WINProgramingProject-master\WINProgramingProject-master\Final Project\Final Project\main.cpp(862,40): warning C4244: '인수': 'double'에서 'int'(으)로 변환하면서 데이터가 손실될 수 있습니다.
C:\Users\yajun\Desktop\대학교\3학년2학기\네트워크게임프로그래밍\텀 프로젝트\NGP_Project\WINProgramingProject-master\WINProgramingProject-master\WINProgramingProject-master\Final Project\Final Project\main.cpp(865,88): warning C4244: '인수': 'double'에서 'int'(으)로 변환하면서 데이터가 손실될 수 있습니다.
C:\Users\yajun\Desktop\대학교\3학년2학기\네트워크게임프로그래밍\텀 프로젝트\NGP_Project\WINProgramingProject-master\WINProgramingProject-master\WINProgramingProject-master\Final Project\Final Project\main.cpp(865,40): warning C4244: '인수': 'double'에서 'int'(으)로 변환하면서 데이터가 손실될 수 있습니다.
C:\Users\yajun\Desktop\대학교\3학년2학기\네트워크게임프로그래밍\텀 프로젝트\NGP_Project\WINProgramingProject-master\WINProgramingProject-master\WINProgramingProject-master\Final Project\Final Project\main.cpp(916,29): warning C4244: '=': 'double'에서 'int'(으)로 변환하면서 데이터가 손실될 수 있습니다.
C:\Users\yajun\Desktop\대학교\3학년2학기\네트워크게임프로그래밍\텀 프로젝트\NGP_Project\WINProgramingProject-master\WINProgramingProject-master\WINProgramingProject-master\Final Project\Final Project\main.cpp(926,29): warning C4244: '=': 'double'에서 'int'(으)로 변환하면서 데이터가 손실될 수 있습니다.
C:\Users\yajun\Desktop\대학교\3학년2학기\네트워크게임프로그래밍\텀 프로젝트\NGP_Project\WINProgramingProject-master\WINProgramingProject-master\WINProgramingProject-master\Final Project\Final Project\main.cpp(936,29): warning C4244: '=': 'double'에서 'int'(으)로 변환하면서 데이터가 손실될 수 있습니다.
C:\Users\yajun\Desktop\대학교\3학년2학기\네트워크게임프로그래밍\텀 프로젝트\NGP_Project\WINProgramingProject-master\WINProgramingProject-master\WINProgramingProject-master\Final Project\Final Project\main.cpp(946,29): warning C4244: '=': 'double'에서 'int'(으)로 변환하면서 데이터가 손실될 수 있습니다.
C:\Users\yajun\Desktop\대학교\3학년2학기\네트워크게임프로그래밍\텀 프로젝트\NGP_Project\WINProgramingProject-master\WINProgramingProject-master\WINProgramingProject-master\Final Project\Final Project\main.cpp(1149,2): warning C4996: 'mbstowcs': This function or variable may be unsafe. Consider using mbstowcs_s instead. To disable deprecation, use _CRT_SECURE_NO_WARNINGS. See online help for details.
C:\Users\yajun\Desktop\대학교\3학년2학기\네트워크게임프로그래밍\텀 프로젝트\NGP_Project\WINProgramingProject-master\WINProgramingProject-master\WINProgramingProject-master\Final Project\Final Project\main.cpp(1166,9): warning C4477: 'printf' : 서식 문자열 '%s'에 'char *' 형식의 인수가 필요하지만 variadic 인수 2의 형식이 'LPCTSTR'입니다.
C:\Users\yajun\Desktop\대학교\3학년2학기\네트워크게임프로그래밍\텀 프로젝트\NGP_Project\WINProgramingProject-master\WINProgramingProject-master\WINProgramingProject-master\Final Project\Final Project\main.cpp(1166,9): message : 서식 문자열에서 '%ls'을(를) 사용하는 것이 좋습니다.
C:\Users\yajun\Desktop\대학교\3학년2학기\네트워크게임프로그래밍\텀 프로젝트\NGP_Project\WINProgramingProject-master\WINProgramingProject-master\WINProgramingProject-master\Final Project\Final Project\main.cpp(1166,9): message : 서식 문자열에서 '%lls'을(를) 사용하는 것이 좋습니다.
C:\Users\yajun\Desktop\대학교\3학년2학기\네트워크게임프로그래밍\텀 프로젝트\NGP_Project\WINProgramingProject-master\WINProgramingProject-master\WINProgramingProject-master\Final Project\Final Project\main.cpp(1166,9): message : 서식 문자열에서 '%Ls'을(를) 사용하는 것이 좋습니다.
C:\Users\yajun\Desktop\대학교\3학년2학기\네트워크게임프로그래밍\텀 프로젝트\NGP_Project\WINProgramingProject-master\WINProgramingProject-master\WINProgramingProject-master\Final Project\Final Project\main.cpp(1166,9): message : 서식 문자열에서 '%ws'을(를) 사용하는 것이 좋습니다.
C:\Users\yajun\Desktop\대학교\3학년2학기\네트워크게임프로그래밍\텀 프로젝트\NGP_Project\WINProgramingProject-master\WINProgramingProject-master\WINProgramingProject-master\Final Project\Final Project\main.cpp(1191,37): warning C4996: 'inet_addr': Use inet_pton() or InetPton() instead or define _WINSOCK_DEPRECATED_NO_WARNINGS to disable deprecated API warnings
C:\Users\yajun\Desktop\대학교\3학년2학기\네트워크게임프로그래밍\텀 프로젝트\NGP_Project\WINProgramingProject-master\WINProgramingProject-master\WINProgramingProject-master\Final Project\Final Project\main.cpp(1196,37): warning C4996: 'inet_addr': Use inet_pton() or InetPton() instead or define _WINSOCK_DEPRECATED_NO_WARNINGS to disable deprecated API warnings
C:\Users\yajun\Desktop\대학교\3학년2학기\네트워크게임프로그래밍\텀 프로젝트\NGP_Project\WINProgramingProject-master\WINProgramingProject-master\WINProgramingProject-master\Final Project\Final Project\main.cpp(1212,7): warning C4101: 'buf' :참조되지 않은 지역 변수입니다.
C:\Users\yajun\Desktop\대학교\3학년2학기\네트워크게임프로그래밍\텀 프로젝트\NGP_Project\WINProgramingProject-master\WINProgramingProject-master\WINProgramingProject-master\Final Project\Final Project\main.cpp(1235,7): warning C4101: 'buf' :참조되지 않은 지역 변수입니다.
C:\Users\yajun\Desktop\대학교\3학년2학기\네트워크게임프로그래밍\텀 프로젝트\NGP_Project\WINProgramingProject-master\WINProgramingProject-master\WINProgramingProject-master\Final Project\Final Project\main.cpp(1252,6): warning C4101: 'retval' :참조되지 않은 지역 변수입니다.
C:\Users\yajun\Desktop\대학교\3학년2학기\네트워크게임프로그래밍\텀 프로젝트\NGP_Project\WINProgramingProject-master\WINProgramingProject-master\WINProgramingProject-master\Final Project\Final Project\main.cpp(1267,6): warning C4101: 'retval' :참조되지 않은 지역 변수입니다.
C:\Users\yajun\Desktop\대학교\3학년2학기\네트워크게임프로그래밍\텀 프로젝트\NGP_Project\WINProgramingProject-master\WINProgramingProject-master\WINProgramingProject-master\Final Project\Final Project\main.cpp(1288,39): warning C4244: '=': 'double'에서 'LONG'(으)로 변환하면서 데이터가 손실될 수 있습니다.
C:\Users\yajun\Desktop\대학교\3학년2학기\네트워크게임프로그래밍\텀 프로젝트\NGP_Project\WINProgramingProject-master\WINProgramingProject-master\WINProgramingProject-master\Final Project\Final Project\main.cpp(1289,40): warning C4244: '=': 'double'에서 'LONG'(으)로 변환하면서 데이터가 손실될 수 있습니다.
C:\Users\yajun\Desktop\대학교\3학년2학기\네트워크게임프로그래밍\텀 프로젝트\NGP_Project\WINProgramingProject-master\WINProgramingProject-master\WINProgramingProject-master\Final Project\Final Project\main.cpp(1290,38): warning C4244: '=': 'double'에서 'LONG'(으)로 변환하면서 데이터가 손실될 수 있습니다.
C:\Users\yajun\Desktop\대학교\3학년2학기\네트워크게임프로그래밍\텀 프로젝트\NGP_Project\WINProgramingProject-master\WINProgramingProject-master\WINProgramingProject-master\Final Project\Final Project\main.cpp(1291,41): warning C4244: '=': 'double'에서 'LONG'(으)로 변환하면서 데이터가 손실될 수 있습니다.
C:\Users\yajun\Desktop\대학교\3학년2학기\네트워크게임프로그래밍\텀 프로젝트\NGP_Project\WINProgramingProject-master\WINProgramingProject-master\WINProgramingProject-master\Final Project\Final Project\main.cpp(1295,39): warning C4244: '=': 'double'에서 'LONG'(으)로 변환하면서 데이터가 손실될 수 있습니다.
C:\Users\yajun\Desktop\대학교\3학년2학기\네트워크게임프로그래밍\텀 프로젝트\NGP_Project\WINProgramingProject-master\WINProgramingProject-master\WINProgramingProject-master\Final Project\Final Project\main.cpp(1296,37): warning C4244: '=': 'double'에서 'LONG'(으)로 변환하면서 데이터가 손실될 수 있습니다.
C:\Users\yajun\Desktop\대학교\3학년2학기\네트워크게임프로그래밍\텀 프로젝트\NGP_Project\WINProgramingProject-master\WINProgramingProject-master\WINProgramingProject-master\Final Project\Final Project\main.cpp(1297,38): warning C4244: '=': 'double'에서 'LONG'(으)로 변환하면서 데이터가 손실될 수 있습니다.
C:\Users\yajun\Desktop\대학교\3학년2학기\네트워크게임프로그래밍\텀 프로젝트\NGP_Project\WINProgramingProject-master\WINProgramingProject-master\WINProgramingProject-master\Final Project\Final Project\main.cpp(1298,36): warning C4244: '=': 'double'에서 'LONG'(으)로 변환하면서 데이터가 손실될 수 있습니다.
C:\Users\yajun\Desktop\대학교\3학년2학기\네트워크게임프로그래밍\텀 프로젝트\NGP_Project\WINProgramingProject-master\WINProgramingProject-master\WINProgramingProject-master\Final Project\Final Project\main.cpp(1301,41): warning C4244: '=': 'LONG'에서 'float'(으)로 변환하면서 데이터가 손실될 수 있습니다.
C:\Users\yajun\Desktop\대학교\3학년2학기\네트워크게임프로그래밍\텀 프로젝트\NGP_Project\WINProgramingProject-master\WINProgramingProject-master\WINProgramingProject-master\Final Project\Final Project\main.cpp(1328,39): warning C4244: '=': 'double'에서 'LONG'(으)로 변환하면서 데이터가 손실될 수 있습니다.
C:\Users\yajun\Desktop\대학교\3학년2학기\네트워크게임프로그래밍\텀 프로젝트\NGP_Project\WINProgramingProject-master\WINProgramingProject-master\WINProgramingProject-master\Final Project\Final Project\main.cpp(1329,40): warning C4244: '=': 'double'에서 'LONG'(으)로 변환하면서 데이터가 손실될 수 있습니다.
C:\Users\yajun\Desktop\대학교\3학년2학기\네트워크게임프로그래밍\텀 프로젝트\NGP_Project\WINProgramingProject-master\WINProgramingProject-master\WINProgramingProject-master\Final Project\Final Project\main.cpp(1330,38): warning C4244: '=': 'double'에서 'LONG'(으)로 변환하면서 데이터가 손실될 수 있습니다.
C:\Users\yajun\Desktop\대학교\3학년2학기\네트워크게임프로그래밍\텀 프로젝트\NGP_Project\WINProgramingProject-master\WINProgramingProject-master\WINProgramingProject-master\Final Project\Final Project\main.cpp(1331,41): warning C4244: '=': 'double'에서 'LONG'(으)로 변환하면서 데이터가 손실될 수 있습니다.
C:\Users\yajun\Desktop\대학교\3학년2학기\네트워크게임프로그래밍\텀 프로젝트\NGP_Project\WINProgramingProject-master\WINProgramingProject-master\WINProgramingProject-master\Final Project\Final Project\main.cpp(1333,52): warning C4244: '=': 'float'에서 'LONG'(으)로 변환하면서 데이터가 손실될 수 있습니다.
C:\Users\yajun\Desktop\대학교\3학년2학기\네트워크게임프로그래밍\텀 프로젝트\NGP_Project\WINProgramingProject-master\WINProgramingProject-master\WINProgramingProject-master\Final Project\Final Project\main.cpp(1202): warning C4715: 'CreateSocket': 모든 제어 경로에서 값을 반환하지는 않습니다.
C:\Users\yajun\Desktop\대학교\3학년2학기\네트워크게임프로그래밍\텀 프로젝트\NGP_Project\WINProgramingProject-master\WINProgramingProject-master\WINProgramingProject-master\Final Project\Final Project\main.cpp(1149): warning C4700: 초기화되지 않은 'w_str' 지역 변수를 사용했습니다.
  Final Project.vcxproj -> C:\Users\yajun\Desktop\대학교\3학년2학기\네트워크게임프로그래밍\텀 프로젝트\NGP_Project\WINProgramingProject-master\WINProgramingProject-master\WINProgramingProject-master\Final Project\Debug\Final Project.exe
