  global.cpp
C:\Users\SuperHong\source\repos\GitHub\NGP\WINProgramingProject-master\WINProgramingProject-master\Final Project\Final Project\global.cpp(452,7): warning C4101: 'hPen' :참조되지 않은 지역 변수입니다.
C:\Users\SuperHong\source\repos\GitHub\NGP\WINProgramingProject-master\WINProgramingProject-master\Final Project\Final Project\global.cpp(452,13): warning C4101: 'oldPen' :참조되지 않은 지역 변수입니다.
C:\Users\SuperHong\source\repos\GitHub\NGP\WINProgramingProject-master\WINProgramingProject-master\Final Project\Final Project\global.cpp(489,7): warning C4101: 'hPen' :참조되지 않은 지역 변수입니다.
C:\Users\SuperHong\source\repos\GitHub\NGP\WINProgramingProject-master\WINProgramingProject-master\Final Project\Final Project\global.cpp(489,13): warning C4101: 'oldPen' :참조되지 않은 지역 변수입니다.
C:\Users\SuperHong\source\repos\GitHub\NGP\WINProgramingProject-master\WINProgramingProject-master\Final Project\Final Project\global.cpp(699,9): warning C4101: 'bit' :참조되지 않은 지역 변수입니다.
C:\Users\SuperHong\source\repos\GitHub\NGP\WINProgramingProject-master\WINProgramingProject-master\Final Project\Final Project\global.cpp(700,10): warning C4101: 'hBit' :참조되지 않은 지역 변수입니다.
C:\Users\SuperHong\source\repos\GitHub\NGP\WINProgramingProject-master\WINProgramingProject-master\Final Project\Final Project\global.cpp(698,6): warning C4101: 'mDC' :참조되지 않은 지역 변수입니다.
C:\Users\SuperHong\source\repos\GitHub\NGP\WINProgramingProject-master\WINProgramingProject-master\Final Project\Final Project\global.cpp(821,3): warning C4996: 'sprintf': This function or variable may be unsafe. Consider using sprintf_s instead. To disable deprecation, use _CRT_SECURE_NO_WARNINGS. See online help for details.
  main.cpp
C:\Users\SuperHong\source\repos\GitHub\NGP\WINProgramingProject-master\WINProgramingProject-master\Final Project\Final Project\main.cpp(730,86): warning C4244: '인수': 'double'에서 'int'(으)로 변환하면서 데이터가 손실될 수 있습니다.
C:\Users\SuperHong\source\repos\GitHub\NGP\WINProgramingProject-master\WINProgramingProject-master\Final Project\Final Project\main.cpp(730,40): warning C4244: '인수': 'double'에서 'int'(으)로 변환하면서 데이터가 손실될 수 있습니다.
C:\Users\SuperHong\source\repos\GitHub\NGP\WINProgramingProject-master\WINProgramingProject-master\Final Project\Final Project\main.cpp(734,87): warning C4244: '인수': 'double'에서 'int'(으)로 변환하면서 데이터가 손실될 수 있습니다.
C:\Users\SuperHong\source\repos\GitHub\NGP\WINProgramingProject-master\WINProgramingProject-master\Final Project\Final Project\main.cpp(734,40): warning C4244: '인수': 'double'에서 'int'(으)로 변환하면서 데이터가 손실될 수 있습니다.
C:\Users\SuperHong\source\repos\GitHub\NGP\WINProgramingProject-master\WINProgramingProject-master\Final Project\Final Project\main.cpp(737,88): warning C4244: '인수': 'double'에서 'int'(으)로 변환하면서 데이터가 손실될 수 있습니다.
C:\Users\SuperHong\source\repos\GitHub\NGP\WINProgramingProject-master\WINProgramingProject-master\Final Project\Final Project\main.cpp(737,40): warning C4244: '인수': 'double'에서 'int'(으)로 변환하면서 데이터가 손실될 수 있습니다.
C:\Users\SuperHong\source\repos\GitHub\NGP\WINProgramingProject-master\WINProgramingProject-master\Final Project\Final Project\main.cpp(741,88): warning C4244: '인수': 'double'에서 'int'(으)로 변환하면서 데이터가 손실될 수 있습니다.
C:\Users\SuperHong\source\repos\GitHub\NGP\WINProgramingProject-master\WINProgramingProject-master\Final Project\Final Project\main.cpp(741,40): warning C4244: '인수': 'double'에서 'int'(으)로 변환하면서 데이터가 손실될 수 있습니다.
C:\Users\SuperHong\source\repos\GitHub\NGP\WINProgramingProject-master\WINProgramingProject-master\Final Project\Final Project\main.cpp(744,88): warning C4244: '인수': 'double'에서 'int'(으)로 변환하면서 데이터가 손실될 수 있습니다.
C:\Users\SuperHong\source\repos\GitHub\NGP\WINProgramingProject-master\WINProgramingProject-master\Final Project\Final Project\main.cpp(744,40): warning C4244: '인수': 'double'에서 'int'(으)로 변환하면서 데이터가 손실될 수 있습니다.
C:\Users\SuperHong\source\repos\GitHub\NGP\WINProgramingProject-master\WINProgramingProject-master\Final Project\Final Project\main.cpp(748,88): warning C4244: '인수': 'double'에서 'int'(으)로 변환하면서 데이터가 손실될 수 있습니다.
C:\Users\SuperHong\source\repos\GitHub\NGP\WINProgramingProject-master\WINProgramingProject-master\Final Project\Final Project\main.cpp(748,40): warning C4244: '인수': 'double'에서 'int'(으)로 변환하면서 데이터가 손실될 수 있습니다.
C:\Users\SuperHong\source\repos\GitHub\NGP\WINProgramingProject-master\WINProgramingProject-master\Final Project\Final Project\main.cpp(751,86): warning C4244: '인수': 'double'에서 'int'(으)로 변환하면서 데이터가 손실될 수 있습니다.
C:\Users\SuperHong\source\repos\GitHub\NGP\WINProgramingProject-master\WINProgramingProject-master\Final Project\Final Project\main.cpp(751,40): warning C4244: '인수': 'double'에서 'int'(으)로 변환하면서 데이터가 손실될 수 있습니다.
C:\Users\SuperHong\source\repos\GitHub\NGP\WINProgramingProject-master\WINProgramingProject-master\Final Project\Final Project\main.cpp(755,87): warning C4244: '인수': 'double'에서 'int'(으)로 변환하면서 데이터가 손실될 수 있습니다.
C:\Users\SuperHong\source\repos\GitHub\NGP\WINProgramingProject-master\WINProgramingProject-master\Final Project\Final Project\main.cpp(755,40): warning C4244: '인수': 'double'에서 'int'(으)로 변환하면서 데이터가 손실될 수 있습니다.
C:\Users\SuperHong\source\repos\GitHub\NGP\WINProgramingProject-master\WINProgramingProject-master\Final Project\Final Project\main.cpp(758,88): warning C4244: '인수': 'double'에서 'int'(으)로 변환하면서 데이터가 손실될 수 있습니다.
C:\Users\SuperHong\source\repos\GitHub\NGP\WINProgramingProject-master\WINProgramingProject-master\Final Project\Final Project\main.cpp(758,40): warning C4244: '인수': 'double'에서 'int'(으)로 변환하면서 데이터가 손실될 수 있습니다.
C:\Users\SuperHong\source\repos\GitHub\NGP\WINProgramingProject-master\WINProgramingProject-master\Final Project\Final Project\main.cpp(761,88): warning C4244: '인수': 'double'에서 'int'(으)로 변환하면서 데이터가 손실될 수 있습니다.
C:\Users\SuperHong\source\repos\GitHub\NGP\WINProgramingProject-master\WINProgramingProject-master\Final Project\Final Project\main.cpp(761,40): warning C4244: '인수': 'double'에서 'int'(으)로 변환하면서 데이터가 손실될 수 있습니다.
C:\Users\SuperHong\source\repos\GitHub\NGP\WINProgramingProject-master\WINProgramingProject-master\Final Project\Final Project\main.cpp(764,88): warning C4244: '인수': 'double'에서 'int'(으)로 변환하면서 데이터가 손실될 수 있습니다.
C:\Users\SuperHong\source\repos\GitHub\NGP\WINProgramingProject-master\WINProgramingProject-master\Final Project\Final Project\main.cpp(764,40): warning C4244: '인수': 'double'에서 'int'(으)로 변환하면서 데이터가 손실될 수 있습니다.
C:\Users\SuperHong\source\repos\GitHub\NGP\WINProgramingProject-master\WINProgramingProject-master\Final Project\Final Project\main.cpp(767,88): warning C4244: '인수': 'double'에서 'int'(으)로 변환하면서 데이터가 손실될 수 있습니다.
C:\Users\SuperHong\source\repos\GitHub\NGP\WINProgramingProject-master\WINProgramingProject-master\Final Project\Final Project\main.cpp(767,40): warning C4244: '인수': 'double'에서 'int'(으)로 변환하면서 데이터가 손실될 수 있습니다.
  코드를 생성하고 있습니다...
C:\Users\SuperHong\source\repos\GitHub\NGP\WINProgramingProject-master\WINProgramingProject-master\Final Project\Final Project\global.cpp(833): warning C4715: 'DrawMenu': 모든 제어 경로에서 값을 반환하지는 않습니다.
  Final Project.vcxproj -> C:\Users\SuperHong\source\repos\GitHub\NGP\WINProgramingProject-master\WINProgramingProject-master\Final Project\Debug\Final Project.exe
